<?xml version="1.0" encoding="UTF-8"?>
<!-- Generated by org.testng.reporters.JUnitReportReporter -->
<testsuite skipped="0" hostname="LAPTOP-H19DPLQJ" name="com.qa.tests.AddRemoveItemsToCart" tests="1" failures="0" timestamp="29 Mar 2022 10:00:26 GMT" time="21.368" errors="0">
  <testcase name="validUser" time="21.368" classname="com.qa.tests.AddRemoveItemsToCart"/>
</testsuite> <!-- com.qa.tests.AddRemoveItemsToCart -->
