<?xml version="1.0" encoding="UTF-8"?>
<!-- Generated by org.testng.reporters.JUnitReportReporter -->
<testsuite skipped="0" hostname="LAPTOP-H19DPLQJ" name="com.qa.tests.LoginTests" tests="1" failures="0" timestamp="29 Mar 2022 10:01:57 GMT" time="18.203" errors="0">
  <testcase name="validUser" time="18.203" classname="com.qa.tests.LoginTests"/>
</testsuite> <!-- com.qa.tests.LoginTests -->
